{
  "stats": {
    "suites": 2,
    "tests": 5,
    "passes": 5,
    "pending": 0,
    "failures": 0,
    "start": "2026-05-04T21:54:25.463Z",
    "end": "2026-05-04T21:54:33.653Z",
    "duration": 8190,
    "testsRegistered": 5,
    "passPercent": 100,
    "pendingPercent": 0,
    "other": 0,
    "hasOther": false,
    "skipped": 0,
    "hasSkipped": false
  },
  "results": [
    {
      "uuid": "43331463-3585-4ab2-98e2-87faff62e91e",
      "title": "",
      "fullFile": "C:\\Users\\HP\\Desktop\\QA Internship\\zedu-api-test\\test\\posts.js",
      "file": "\\test\\posts.js",
      "beforeHooks": [],
      "afterHooks": [],
      "tests": [],
      "suites": [
        {
          "uuid": "b41c576c-49b0-4fca-85e8-111dfc3bbbad",
          "title": "User Post",
          "fullFile": "C:\\Users\\HP\\Desktop\\QA Internship\\zedu-api-test\\test\\posts.js",
          "file": "\\test\\posts.js",
          "beforeHooks": [
            {
              "title": "\"before all\" hook in \"User Post\"",
              "fullTitle": "User Post \"before all\" hook in \"User Post\"",
              "timedOut": false,
              "duration": 1848,
              "state": null,
              "speed": null,
              "pass": false,
              "fail": false,
              "pending": false,
              "context": null,
              "code": "const user = await createRandomUser();\n userId = user.id;\n console.log(user);",
              "err": {},
              "uuid": "4fe8ad63-f45e-4e0c-8627-e9dd6d325d2e",
              "parentUUID": "b41c576c-49b0-4fca-85e8-111dfc3bbbad",
              "isHook": true,
              "skipped": false
            }
          ],
          "afterHooks": [],
          "tests": [
            {
              "title": "Create a post for a user",
              "fullTitle": "User Post Create a post for a user",
              "timedOut": false,
              "duration": 1522,
              "state": "passed",
              "speed": "slow",
              "pass": true,
              "fail": false,
              "pending": false,
              "context": null,
              "code": "const postData = {\n  user_id: userId,\n  title: faker.lorem.sentence(),\n  body: faker.lorem.paragraph(),\n};\nconst postRes = await auth\n  .post(`posts`)\n  .set(\"Authorization\", `Bearer ${token}`)\n  .send(postData);\nexpect(postRes.status).to.equal(201);\nexpect(postRes.body).to.exist;\nexpect(postRes.body).to.not.be.empty;\nexpect(postRes.body).to.deep.include(postData);\npostId = postRes.body.id; // Store the created post ID for later tests",
              "err": {},
              "uuid": "b172ef17-a629-418d-9d23-7aa607f6bc59",
              "parentUUID": "b41c576c-49b0-4fca-85e8-111dfc3bbbad",
              "isHook": false,
              "skipped": false
            },
            {
              "title": "Retrieve a post with valid post id, /posts/:id",
              "fullTitle": "User Post Retrieve a post with valid post id, /posts/:id",
              "timedOut": false,
              "duration": 1598,
              "state": "passed",
              "speed": "slow",
              "pass": true,
              "fail": false,
              "pending": false,
              "context": null,
              "code": "const res = await auth\n  .get(`posts/${postId}`)\n  .set(\"Authorization\", `Bearer ${token}`);\nconsole.log(res.body);\nexpect(res.status).to.equal(200);\nexpect(res.body).to.exist;\nexpect(res.body).to.not.be.empty;\nexpect(res.body.id).to.equal(postId);",
              "err": {},
              "uuid": "f82775ef-3571-48bf-b00c-6412ceb240a8",
              "parentUUID": "b41c576c-49b0-4fca-85e8-111dfc3bbbad",
              "isHook": false,
              "skipped": false
            }
          ],
          "suites": [
            {
              "uuid": "b2796017-f859-4bb5-8410-6ff6561bbcc3",
              "title": "Negative Test",
              "fullFile": "C:\\Users\\HP\\Desktop\\QA Internship\\zedu-api-test\\test\\posts.js",
              "file": "\\test\\posts.js",
              "beforeHooks": [],
              "afterHooks": [],
              "tests": [
                {
                  "title": "Create a post without token",
                  "fullTitle": "User Post Negative Test Create a post without token",
                  "timedOut": false,
                  "duration": 1364,
                  "state": "passed",
                  "speed": "slow",
                  "pass": true,
                  "fail": false,
                  "pending": false,
                  "context": null,
                  "code": "const postData = {\n  user_id: userId,\n  title: faker.lorem.sentence(),\n  body: faker.lorem.paragraph(),\n};\nconst postRes = await auth\n  .post(`posts`)\n  //   .set(\"Authorization\", `Bearer ${token}`)\n  .send(postData);\nexpect(postRes.status).to.equal(401);\nexpect(postRes.body.message).to.equal(\"Authentication failed\");",
                  "err": {},
                  "uuid": "09ae5dbe-e7b8-4cb2-aca6-f18aa12cf4f5",
                  "parentUUID": "b2796017-f859-4bb5-8410-6ff6561bbcc3",
                  "isHook": false,
                  "skipped": false
                },
                {
                  "title": "Create a post with invalid token",
                  "fullTitle": "User Post Negative Test Create a post with invalid token",
                  "timedOut": false,
                  "duration": 926,
                  "state": "passed",
                  "speed": "slow",
                  "pass": true,
                  "fail": false,
                  "pending": false,
                  "context": null,
                  "code": "const postData = {\n  user_id: userId,\n  title: faker.lorem.sentence(),\n  body: faker.lorem.paragraph(),\n};\nconst postRes = await auth\n  .post(`posts`)\n  .set(\"Authorization\", `Bearer ${invalidToken}`)\n  .send(postData);\nconsole.log(postRes.body);\nexpect(postRes.status).to.equal(401);\nexpect(postRes.body.message).to.equal(\"Invalid token\");",
                  "err": {},
                  "uuid": "29b06dfd-8fa2-49c5-9626-0a4c24db6018",
                  "parentUUID": "b2796017-f859-4bb5-8410-6ff6561bbcc3",
                  "isHook": false,
                  "skipped": false
                },
                {
                  "title": "Create a post with incomplete field",
                  "fullTitle": "User Post Negative Test Create a post with incomplete field",
                  "timedOut": false,
                  "duration": 914,
                  "state": "passed",
                  "speed": "slow",
                  "pass": true,
                  "fail": false,
                  "pending": false,
                  "context": null,
                  "code": "const postData = {\n  user_id: userId,\n  title: faker.lorem.sentence(),\n};\nconst postRes = await auth\n  .post(`posts`)\n  .set(\"Authorization\", `Bearer ${token}`)\n  .send(postData);\nconst err = postRes.body[0];\nexpect(postRes.status).to.equal(422);\nexpect(err.field).to.equal(\"body\");\nexpect(err.message).to.equal(\"can't be blank\");",
                  "err": {},
                  "uuid": "7e38a342-b37b-440d-8de2-8e9d30051164",
                  "parentUUID": "b2796017-f859-4bb5-8410-6ff6561bbcc3",
                  "isHook": false,
                  "skipped": false
                }
              ],
              "suites": [],
              "passes": [
                "09ae5dbe-e7b8-4cb2-aca6-f18aa12cf4f5",
                "29b06dfd-8fa2-49c5-9626-0a4c24db6018",
                "7e38a342-b37b-440d-8de2-8e9d30051164"
              ],
              "failures": [],
              "pending": [],
              "skipped": [],
              "duration": 3204,
              "root": false,
              "rootEmpty": false,
              "_timeout": 10000
            }
          ],
          "passes": [
            "b172ef17-a629-418d-9d23-7aa607f6bc59",
            "f82775ef-3571-48bf-b00c-6412ceb240a8"
          ],
          "failures": [],
          "pending": [],
          "skipped": [],
          "duration": 3120,
          "root": false,
          "rootEmpty": false,
          "_timeout": 10000
        }
      ],
      "passes": [],
      "failures": [],
      "pending": [],
      "skipped": [],
      "duration": 0,
      "root": true,
      "rootEmpty": true,
      "_timeout": 10000
    }
  ],
  "meta": {
    "mocha": {
      "version": "11.7.5"
    },
    "mochawesome": {
      "options": {
        "quiet": false,
        "reportFilename": "mochawesome",
        "saveHtml": true,
        "saveJson": true,
        "consoleReporter": "spec",
        "useInlineDiffs": false,
        "code": true
      },
      "version": "7.1.4"
    },
    "marge": {
      "options": null,
      "version": "6.3.2"
    }
  }
}